{
  "RSpec": {
    "coverage": {
      "/Users/BrianHayes/1mod/projects/night_writer/lib/writer.rb": {
        "lines": [
          1,
          1,
          null,
          1,
          7,
          7,
          7,
          null,
          null
        ]
      },
      "/Users/BrianHayes/1mod/projects/night_writer/lib/message_converter.rb": {
        "lines": [
          1,
          1,
          null,
          1,
          5,
          null,
          null,
          1,
          null,
          25,
          null,
          null,
          null,
          null,
          null,
          null,
          null,
          null,
          null,
          null,
          null,
          null,
          null,
          null,
          null,
          null,
          null,
          null,
          null,
          null,
          null,
          null,
          null,
          null,
          null,
          null,
          null,
          null,
          null,
          1,
          4,
          4,
          24,
          248,
          24,
          null,
          null,
          null,
          4,
          null,
          null,
          1,
          1,
          7,
          7,
          7,
          null,
          1,
          null,
          4,
          1,
          1,
          null,
          null,
          1,
          0,
          0,
          0,
          null,
          null
        ]
      },
      "/Users/BrianHayes/1mod/projects/night_writer/spec/writer_spec.rb": {
        "lines": [
          1,
          null,
          1,
          1,
          1,
          1,
          null,
          1,
          null,
          null,
          1,
          1,
          1,
          null,
          1,
          null,
          null,
          null,
          null
        ]
      }
    },
    "timestamp": 1673636693
  }
}
